internal/modules/cjs/loader.js:638
    throw err;
    ^

Error: Cannot find module 'express'
    at Function.Module._resolveFilename (internal/modules/cjs/loader.js:636:15)
    at Function.Module._load (internal/modules/cjs/loader.js:562:25)
    at Module.require (internal/modules/cjs/loader.js:692:17)
    at require (internal/modules/cjs/helpers.js:25:18)
    at Object.<anonymous> (/home/klib2247/public_html/barang.app/server.js:1:17)
    at Module._compile (internal/modules/cjs/loader.js:778:30)
    at Object.Module._extensions..js (internal/modules/cjs/loader.js:789:10)
    at Module.load (internal/modules/cjs/loader.js:653:32)
    at tryModuleLoad (internal/modules/cjs/loader.js:593:12)
    at Function.Module._load (internal/modules/cjs/loader.js:585:3)
internal/modules/cjs/loader.js:638
    throw err;
    ^

Error: Cannot find module 'express'
    at Function.Module._resolveFilename (internal/modules/cjs/loader.js:636:15)
    at Function.Module._load (internal/modules/cjs/loader.js:562:25)
    at Module.require (internal/modules/cjs/loader.js:692:17)
    at require (internal/modules/cjs/helpers.js:25:18)
    at Object.<anonymous> (/home/klib2247/public_html/barang.app/server.js:1:17)
    at Module._compile (internal/modules/cjs/loader.js:778:30)
    at Object.Module._extensions..js (internal/modules/cjs/loader.js:789:10)
    at Module.load (internal/modules/cjs/loader.js:653:32)
    at tryModuleLoad (internal/modules/cjs/loader.js:593:12)
    at Function.Module._load (internal/modules/cjs/loader.js:585:3)
internal/modules/cjs/loader.js:638
    throw err;
    ^

Error: Cannot find module '../config/database'
    at Function.Module._resolveFilename (internal/modules/cjs/loader.js:636:15)
    at Function.Module._load (internal/modules/cjs/loader.js:562:25)
    at Module.require (internal/modules/cjs/loader.js:692:17)
    at require (internal/modules/cjs/helpers.js:25:18)
    at Object.<anonymous> (/home/klib2247/public_html/barang.app/models/barangModel.js:1:12)
    at Module._compile (internal/modules/cjs/loader.js:778:30)
    at Object.Module._extensions..js (internal/modules/cjs/loader.js:789:10)
    at Module.load (internal/modules/cjs/loader.js:653:32)
    at tryModuleLoad (internal/modules/cjs/loader.js:593:12)
    at Function.Module._load (internal/modules/cjs/loader.js:585:3)
internal/modules/cjs/loader.js:638
    throw err;
    ^

Error: Cannot find module '../config/database'
    at Function.Module._resolveFilename (internal/modules/cjs/loader.js:636:15)
    at Function.Module._load (internal/modules/cjs/loader.js:562:25)
    at Module.require (internal/modules/cjs/loader.js:692:17)
    at require (internal/modules/cjs/helpers.js:25:18)
    at Object.<anonymous> (/home/klib2247/public_html/barang.app/models/barangModel.js:1:12)
    at Module._compile (internal/modules/cjs/loader.js:778:30)
    at Object.Module._extensions..js (internal/modules/cjs/loader.js:789:10)
    at Module.load (internal/modules/cjs/loader.js:653:32)
    at tryModuleLoad (internal/modules/cjs/loader.js:593:12)
    at Function.Module._load (internal/modules/cjs/loader.js:585:3)
internal/modules/cjs/loader.js:638
    throw err;
    ^

Error: Cannot find module '../config/database'
    at Function.Module._resolveFilename (internal/modules/cjs/loader.js:636:15)
    at Function.Module._load (internal/modules/cjs/loader.js:562:25)
    at Module.require (internal/modules/cjs/loader.js:692:17)
    at require (internal/modules/cjs/helpers.js:25:18)
    at Object.<anonymous> (/home/klib2247/public_html/barang.app/models/barangModel.js:1:12)
    at Module._compile (internal/modules/cjs/loader.js:778:30)
    at Object.Module._extensions..js (internal/modules/cjs/loader.js:789:10)
    at Module.load (internal/modules/cjs/loader.js:653:32)
    at tryModuleLoad (internal/modules/cjs/loader.js:593:12)
    at Function.Module._load (internal/modules/cjs/loader.js:585:3)
internal/modules/cjs/loader.js:638
    throw err;
    ^

Error: Cannot find module '../config/database'
    at Function.Module._resolveFilename (internal/modules/cjs/loader.js:636:15)
    at Function.Module._load (internal/modules/cjs/loader.js:562:25)
    at Module.require (internal/modules/cjs/loader.js:692:17)
    at require (internal/modules/cjs/helpers.js:25:18)
    at Object.<anonymous> (/home/klib2247/public_html/barang.app/models/barangModel.js:1:12)
    at Module._compile (internal/modules/cjs/loader.js:778:30)
    at Object.Module._extensions..js (internal/modules/cjs/loader.js:789:10)
    at Module.load (internal/modules/cjs/loader.js:653:32)
    at tryModuleLoad (internal/modules/cjs/loader.js:593:12)
    at Function.Module._load (internal/modules/cjs/loader.js:585:3)
internal/modules/cjs/loader.js:638
    throw err;
    ^

Error: Cannot find module '../config/database'
    at Function.Module._resolveFilename (internal/modules/cjs/loader.js:636:15)
    at Function.Module._load (internal/modules/cjs/loader.js:562:25)
    at Module.require (internal/modules/cjs/loader.js:692:17)
    at require (internal/modules/cjs/helpers.js:25:18)
    at Object.<anonymous> (/home/klib2247/public_html/barang.app/models/barangModel.js:1:12)
    at Module._compile (internal/modules/cjs/loader.js:778:30)
    at Object.Module._extensions..js (internal/modules/cjs/loader.js:789:10)
    at Module.load (internal/modules/cjs/loader.js:653:32)
    at tryModuleLoad (internal/modules/cjs/loader.js:593:12)
    at Function.Module._load (internal/modules/cjs/loader.js:585:3)
internal/modules/cjs/loader.js:638
    throw err;
    ^

Error: Cannot find module '../config/database'
    at Function.Module._resolveFilename (internal/modules/cjs/loader.js:636:15)
    at Function.Module._load (internal/modules/cjs/loader.js:562:25)
    at Module.require (internal/modules/cjs/loader.js:692:17)
    at require (internal/modules/cjs/helpers.js:25:18)
    at Object.<anonymous> (/home/klib2247/public_html/barang.app/models/barangModel.js:1:12)
    at Module._compile (internal/modules/cjs/loader.js:778:30)
    at Object.Module._extensions..js (internal/modules/cjs/loader.js:789:10)
    at Module.load (internal/modules/cjs/loader.js:653:32)
    at tryModuleLoad (internal/modules/cjs/loader.js:593:12)
    at Function.Module._load (internal/modules/cjs/loader.js:585:3)
internal/modules/cjs/loader.js:638
    throw err;
    ^

Error: Cannot find module '../config/database'
    at Function.Module._resolveFilename (internal/modules/cjs/loader.js:636:15)
    at Function.Module._load (internal/modules/cjs/loader.js:562:25)
    at Module.require (internal/modules/cjs/loader.js:692:17)
    at require (internal/modules/cjs/helpers.js:25:18)
    at Object.<anonymous> (/home/klib2247/public_html/barang.app/models/barangModel.js:1:12)
    at Module._compile (internal/modules/cjs/loader.js:778:30)
    at Object.Module._extensions..js (internal/modules/cjs/loader.js:789:10)
    at Module.load (internal/modules/cjs/loader.js:653:32)
    at tryModuleLoad (internal/modules/cjs/loader.js:593:12)
    at Function.Module._load (internal/modules/cjs/loader.js:585:3)
internal/modules/cjs/loader.js:638
    throw err;
    ^

Error: Cannot find module '../config/database'
    at Function.Module._resolveFilename (internal/modules/cjs/loader.js:636:15)
    at Function.Module._load (internal/modules/cjs/loader.js:562:25)
    at Module.require (internal/modules/cjs/loader.js:692:17)
    at require (internal/modules/cjs/helpers.js:25:18)
    at Object.<anonymous> (/home/klib2247/public_html/barang.app/models/barangModel.js:1:12)
    at Module._compile (internal/modules/cjs/loader.js:778:30)
    at Object.Module._extensions..js (internal/modules/cjs/loader.js:789:10)
    at Module.load (internal/modules/cjs/loader.js:653:32)
    at tryModuleLoad (internal/modules/cjs/loader.js:593:12)
    at Function.Module._load (internal/modules/cjs/loader.js:585:3)
internal/modules/cjs/loader.js:638
    throw err;
    ^

Error: Cannot find module '../config/database'
    at Function.Module._resolveFilename (internal/modules/cjs/loader.js:636:15)
    at Function.Module._load (internal/modules/cjs/loader.js:562:25)
    at Module.require (internal/modules/cjs/loader.js:692:17)
    at require (internal/modules/cjs/helpers.js:25:18)
    at Object.<anonymous> (/home/klib2247/public_html/barang.app/models/barangModel.js:1:12)
    at Module._compile (internal/modules/cjs/loader.js:778:30)
    at Object.Module._extensions..js (internal/modules/cjs/loader.js:789:10)
    at Module.load (internal/modules/cjs/loader.js:653:32)
    at tryModuleLoad (internal/modules/cjs/loader.js:593:12)
    at Function.Module._load (internal/modules/cjs/loader.js:585:3)
internal/modules/cjs/loader.js:638
    throw err;
    ^

Error: Cannot find module '../config/database'
    at Function.Module._resolveFilename (internal/modules/cjs/loader.js:636:15)
    at Function.Module._load (internal/modules/cjs/loader.js:562:25)
    at Module.require (internal/modules/cjs/loader.js:692:17)
    at require (internal/modules/cjs/helpers.js:25:18)
    at Object.<anonymous> (/home/klib2247/public_html/barang.app/models/barangModel.js:1:12)
    at Module._compile (internal/modules/cjs/loader.js:778:30)
    at Object.Module._extensions..js (internal/modules/cjs/loader.js:789:10)
    at Module.load (internal/modules/cjs/loader.js:653:32)
    at tryModuleLoad (internal/modules/cjs/loader.js:593:12)
    at Function.Module._load (internal/modules/cjs/loader.js:585:3)
internal/modules/cjs/loader.js:638
    throw err;
    ^

Error: Cannot find module '../config/database'
    at Function.Module._resolveFilename (internal/modules/cjs/loader.js:636:15)
    at Function.Module._load (internal/modules/cjs/loader.js:562:25)
    at Module.require (internal/modules/cjs/loader.js:692:17)
    at require (internal/modules/cjs/helpers.js:25:18)
    at Object.<anonymous> (/home/klib2247/public_html/barang.app/models/barangModel.js:1:12)
    at Module._compile (internal/modules/cjs/loader.js:778:30)
    at Object.Module._extensions..js (internal/modules/cjs/loader.js:789:10)
    at Module.load (internal/modules/cjs/loader.js:653:32)
    at tryModuleLoad (internal/modules/cjs/loader.js:593:12)
    at Function.Module._load (internal/modules/cjs/loader.js:585:3)
internal/modules/cjs/loader.js:638
    throw err;
    ^

Error: Cannot find module '../config/database'
    at Function.Module._resolveFilename (internal/modules/cjs/loader.js:636:15)
    at Function.Module._load (internal/modules/cjs/loader.js:562:25)
    at Module.require (internal/modules/cjs/loader.js:692:17)
    at require (internal/modules/cjs/helpers.js:25:18)
    at Object.<anonymous> (/home/klib2247/public_html/barang.app/models/barangModel.js:1:12)
    at Module._compile (internal/modules/cjs/loader.js:778:30)
    at Object.Module._extensions..js (internal/modules/cjs/loader.js:789:10)
    at Module.load (internal/modules/cjs/loader.js:653:32)
    at tryModuleLoad (internal/modules/cjs/loader.js:593:12)
    at Function.Module._load (internal/modules/cjs/loader.js:585:3)
internal/modules/cjs/loader.js:638
    throw err;
    ^

Error: Cannot find module '../config/database'
    at Function.Module._resolveFilename (internal/modules/cjs/loader.js:636:15)
    at Function.Module._load (internal/modules/cjs/loader.js:562:25)
    at Module.require (internal/modules/cjs/loader.js:692:17)
    at require (internal/modules/cjs/helpers.js:25:18)
    at Object.<anonymous> (/home/klib2247/public_html/barang.app/models/barangModel.js:1:12)
    at Module._compile (internal/modules/cjs/loader.js:778:30)
    at Object.Module._extensions..js (internal/modules/cjs/loader.js:789:10)
    at Module.load (internal/modules/cjs/loader.js:653:32)
    at tryModuleLoad (internal/modules/cjs/loader.js:593:12)
    at Function.Module._load (internal/modules/cjs/loader.js:585:3)
internal/modules/cjs/loader.js:638
    throw err;
    ^

Error: Cannot find module '../config/database'
    at Function.Module._resolveFilename (internal/modules/cjs/loader.js:636:15)
    at Function.Module._load (internal/modules/cjs/loader.js:562:25)
    at Module.require (internal/modules/cjs/loader.js:692:17)
    at require (internal/modules/cjs/helpers.js:25:18)
    at Object.<anonymous> (/home/klib2247/public_html/barang.app/models/barangModel.js:1:12)
    at Module._compile (internal/modules/cjs/loader.js:778:30)
    at Object.Module._extensions..js (internal/modules/cjs/loader.js:789:10)
    at Module.load (internal/modules/cjs/loader.js:653:32)
    at tryModuleLoad (internal/modules/cjs/loader.js:593:12)
    at Function.Module._load (internal/modules/cjs/loader.js:585:3)
internal/modules/cjs/loader.js:638
    throw err;
    ^

Error: Cannot find module '../config/database'
    at Function.Module._resolveFilename (internal/modules/cjs/loader.js:636:15)
    at Function.Module._load (internal/modules/cjs/loader.js:562:25)
    at Module.require (internal/modules/cjs/loader.js:692:17)
    at require (internal/modules/cjs/helpers.js:25:18)
    at Object.<anonymous> (/home/klib2247/public_html/barang.app/models/barangModel.js:1:12)
    at Module._compile (internal/modules/cjs/loader.js:778:30)
    at Object.Module._extensions..js (internal/modules/cjs/loader.js:789:10)
    at Module.load (internal/modules/cjs/loader.js:653:32)
    at tryModuleLoad (internal/modules/cjs/loader.js:593:12)
    at Function.Module._load (internal/modules/cjs/loader.js:585:3)
internal/modules/cjs/loader.js:638
    throw err;
    ^

Error: Cannot find module '../config/database'
    at Function.Module._resolveFilename (internal/modules/cjs/loader.js:636:15)
    at Function.Module._load (internal/modules/cjs/loader.js:562:25)
    at Module.require (internal/modules/cjs/loader.js:692:17)
    at require (internal/modules/cjs/helpers.js:25:18)
    at Object.<anonymous> (/home/klib2247/public_html/barang.app/models/barangModel.js:1:12)
    at Module._compile (internal/modules/cjs/loader.js:778:30)
    at Object.Module._extensions..js (internal/modules/cjs/loader.js:789:10)
    at Module.load (internal/modules/cjs/loader.js:653:32)
    at tryModuleLoad (internal/modules/cjs/loader.js:593:12)
    at Function.Module._load (internal/modules/cjs/loader.js:585:3)
internal/modules/cjs/loader.js:638
    throw err;
    ^

Error: Cannot find module '../config/database'
    at Function.Module._resolveFilename (internal/modules/cjs/loader.js:636:15)
    at Function.Module._load (internal/modules/cjs/loader.js:562:25)
    at Module.require (internal/modules/cjs/loader.js:692:17)
    at require (internal/modules/cjs/helpers.js:25:18)
    at Object.<anonymous> (/home/klib2247/public_html/barang.app/models/barangModel.js:1:12)
    at Module._compile (internal/modules/cjs/loader.js:778:30)
    at Object.Module._extensions..js (internal/modules/cjs/loader.js:789:10)
    at Module.load (internal/modules/cjs/loader.js:653:32)
    at tryModuleLoad (internal/modules/cjs/loader.js:593:12)
    at Function.Module._load (internal/modules/cjs/loader.js:585:3)
internal/modules/cjs/loader.js:638
    throw err;
    ^

Error: Cannot find module '../config/database'
    at Function.Module._resolveFilename (internal/modules/cjs/loader.js:636:15)
    at Function.Module._load (internal/modules/cjs/loader.js:562:25)
    at Module.require (internal/modules/cjs/loader.js:692:17)
    at require (internal/modules/cjs/helpers.js:25:18)
    at Object.<anonymous> (/home/klib2247/public_html/barang.app/models/barangModel.js:1:12)
    at Module._compile (internal/modules/cjs/loader.js:778:30)
    at Object.Module._extensions..js (internal/modules/cjs/loader.js:789:10)
    at Module.load (internal/modules/cjs/loader.js:653:32)
    at tryModuleLoad (internal/modules/cjs/loader.js:593:12)
    at Function.Module._load (internal/modules/cjs/loader.js:585:3)
internal/modules/cjs/loader.js:638
    throw err;
    ^

Error: Cannot find module '../config/database'
    at Function.Module._resolveFilename (internal/modules/cjs/loader.js:636:15)
    at Function.Module._load (internal/modules/cjs/loader.js:562:25)
    at Module.require (internal/modules/cjs/loader.js:692:17)
    at require (internal/modules/cjs/helpers.js:25:18)
    at Object.<anonymous> (/home/klib2247/public_html/barang.app/models/barangModel.js:1:12)
    at Module._compile (internal/modules/cjs/loader.js:778:30)
    at Object.Module._extensions..js (internal/modules/cjs/loader.js:789:10)
    at Module.load (internal/modules/cjs/loader.js:653:32)
    at tryModuleLoad (internal/modules/cjs/loader.js:593:12)
    at Function.Module._load (internal/modules/cjs/loader.js:585:3)
internal/modules/cjs/loader.js:638
    throw err;
    ^

Error: Cannot find module '../config/database'
    at Function.Module._resolveFilename (internal/modules/cjs/loader.js:636:15)
    at Function.Module._load (internal/modules/cjs/loader.js:562:25)
    at Module.require (internal/modules/cjs/loader.js:692:17)
    at require (internal/modules/cjs/helpers.js:25:18)
    at Object.<anonymous> (/home/klib2247/public_html/barang.app/models/barangModel.js:1:12)
    at Module._compile (internal/modules/cjs/loader.js:778:30)
    at Object.Module._extensions..js (internal/modules/cjs/loader.js:789:10)
    at Module.load (internal/modules/cjs/loader.js:653:32)
    at tryModuleLoad (internal/modules/cjs/loader.js:593:12)
    at Function.Module._load (internal/modules/cjs/loader.js:585:3)
internal/modules/cjs/loader.js:638
    throw err;
    ^

Error: Cannot find module '../config/database'
    at Function.Module._resolveFilename (internal/modules/cjs/loader.js:636:15)
    at Function.Module._load (internal/modules/cjs/loader.js:562:25)
    at Module.require (internal/modules/cjs/loader.js:692:17)
    at require (internal/modules/cjs/helpers.js:25:18)
    at Object.<anonymous> (/home/klib2247/public_html/barang.app/models/barangModel.js:1:12)
    at Module._compile (internal/modules/cjs/loader.js:778:30)
    at Object.Module._extensions..js (internal/modules/cjs/loader.js:789:10)
    at Module.load (internal/modules/cjs/loader.js:653:32)
    at tryModuleLoad (internal/modules/cjs/loader.js:593:12)
    at Function.Module._load (internal/modules/cjs/loader.js:585:3)
internal/modules/cjs/loader.js:638
    throw err;
    ^

Error: Cannot find module '../config/database'
    at Function.Module._resolveFilename (internal/modules/cjs/loader.js:636:15)
    at Function.Module._load (internal/modules/cjs/loader.js:562:25)
    at Module.require (internal/modules/cjs/loader.js:692:17)
    at require (internal/modules/cjs/helpers.js:25:18)
    at Object.<anonymous> (/home/klib2247/public_html/barang.app/models/barangModel.js:1:12)
    at Module._compile (internal/modules/cjs/loader.js:778:30)
    at Object.Module._extensions..js (internal/modules/cjs/loader.js:789:10)
    at Module.load (internal/modules/cjs/loader.js:653:32)
    at tryModuleLoad (internal/modules/cjs/loader.js:593:12)
    at Function.Module._load (internal/modules/cjs/loader.js:585:3)
internal/modules/cjs/loader.js:638
    throw err;
    ^

Error: Cannot find module '../config/database'
    at Function.Module._resolveFilename (internal/modules/cjs/loader.js:636:15)
    at Function.Module._load (internal/modules/cjs/loader.js:562:25)
    at Module.require (internal/modules/cjs/loader.js:692:17)
    at require (internal/modules/cjs/helpers.js:25:18)
    at Object.<anonymous> (/home/klib2247/public_html/barang.app/models/barangModel.js:1:12)
    at Module._compile (internal/modules/cjs/loader.js:778:30)
    at Object.Module._extensions..js (internal/modules/cjs/loader.js:789:10)
    at Module.load (internal/modules/cjs/loader.js:653:32)
    at tryModuleLoad (internal/modules/cjs/loader.js:593:12)
    at Function.Module._load (internal/modules/cjs/loader.js:585:3)
internal/modules/cjs/loader.js:638
    throw err;
    ^

Error: Cannot find module '../config/database'
    at Function.Module._resolveFilename (internal/modules/cjs/loader.js:636:15)
    at Function.Module._load (internal/modules/cjs/loader.js:562:25)
    at Module.require (internal/modules/cjs/loader.js:692:17)
    at require (internal/modules/cjs/helpers.js:25:18)
    at Object.<anonymous> (/home/klib2247/public_html/barang.app/models/barangModel.js:1:12)
    at Module._compile (internal/modules/cjs/loader.js:778:30)
    at Object.Module._extensions..js (internal/modules/cjs/loader.js:789:10)
    at Module.load (internal/modules/cjs/loader.js:653:32)
    at tryModuleLoad (internal/modules/cjs/loader.js:593:12)
    at Function.Module._load (internal/modules/cjs/loader.js:585:3)
internal/modules/cjs/loader.js:638
    throw err;
    ^

Error: Cannot find module '../config/database'
    at Function.Module._resolveFilename (internal/modules/cjs/loader.js:636:15)
    at Function.Module._load (internal/modules/cjs/loader.js:562:25)
    at Module.require (internal/modules/cjs/loader.js:692:17)
    at require (internal/modules/cjs/helpers.js:25:18)
    at Object.<anonymous> (/home/klib2247/public_html/barang.app/models/barangModel.js:1:12)
    at Module._compile (internal/modules/cjs/loader.js:778:30)
    at Object.Module._extensions..js (internal/modules/cjs/loader.js:789:10)
    at Module.load (internal/modules/cjs/loader.js:653:32)
    at tryModuleLoad (internal/modules/cjs/loader.js:593:12)
    at Function.Module._load (internal/modules/cjs/loader.js:585:3)
internal/modules/cjs/loader.js:638
    throw err;
    ^

Error: Cannot find module '../config/database'
    at Function.Module._resolveFilename (internal/modules/cjs/loader.js:636:15)
    at Function.Module._load (internal/modules/cjs/loader.js:562:25)
    at Module.require (internal/modules/cjs/loader.js:692:17)
    at require (internal/modules/cjs/helpers.js:25:18)
    at Object.<anonymous> (/home/klib2247/public_html/barang.app/models/barangModel.js:1:12)
    at Module._compile (internal/modules/cjs/loader.js:778:30)
    at Object.Module._extensions..js (internal/modules/cjs/loader.js:789:10)
    at Module.load (internal/modules/cjs/loader.js:653:32)
    at tryModuleLoad (internal/modules/cjs/loader.js:593:12)
    at Function.Module._load (internal/modules/cjs/loader.js:585:3)
(node:1533574) UnhandledPromiseRejectionWarning: Error: Not supported
    at startApplication (/usr/local/lsws/fcgi-bin/lsnodesm.js:52:18)
    at Object.<anonymous> (/usr/local/lsws/fcgi-bin/lsnodesm.js:16:1)
    at Module._compile (internal/modules/cjs/loader.js:778:30)
    at Object.Module._extensions..js (internal/modules/cjs/loader.js:789:10)
    at Module.load (internal/modules/cjs/loader.js:653:32)
    at tryModuleLoad (internal/modules/cjs/loader.js:593:12)
    at Function.Module._load (internal/modules/cjs/loader.js:585:3)
    at Function.Module.runMain (internal/modules/cjs/loader.js:831:12)
    at startup (internal/bootstrap/node.js:283:19)
    at bootstrapNodeJSCore (internal/bootstrap/node.js:623:3)
(node:1533574) UnhandledPromiseRejectionWarning: Unhandled promise rejection. This error originated either by throwing inside of an async function without a catch block, or by rejecting a promise which was not handled with .catch(). (rejection id: 2)
(node:1533574) [DEP0018] DeprecationWarning: Unhandled promise rejections are deprecated. In the future, promise rejections that are not handled will terminate the Node.js process with a non-zero exit code.
(node:1533623) UnhandledPromiseRejectionWarning: Error: Not supported
    at startApplication (/usr/local/lsws/fcgi-bin/lsnodesm.js:52:18)
    at Object.<anonymous> (/usr/local/lsws/fcgi-bin/lsnodesm.js:16:1)
    at Module._compile (internal/modules/cjs/loader.js:778:30)
    at Object.Module._extensions..js (internal/modules/cjs/loader.js:789:10)
    at Module.load (internal/modules/cjs/loader.js:653:32)
    at tryModuleLoad (internal/modules/cjs/loader.js:593:12)
    at Function.Module._load (internal/modules/cjs/loader.js:585:3)
    at Function.Module.runMain (internal/modules/cjs/loader.js:831:12)
    at startup (internal/bootstrap/node.js:283:19)
    at bootstrapNodeJSCore (internal/bootstrap/node.js:623:3)
(node:1533623) UnhandledPromiseRejectionWarning: Unhandled promise rejection. This error originated either by throwing inside of an async function without a catch block, or by rejecting a promise which was not handled with .catch(). (rejection id: 2)
(node:1533623) [DEP0018] DeprecationWarning: Unhandled promise rejections are deprecated. In the future, promise rejections that are not handled will terminate the Node.js process with a non-zero exit code.
file:///home/klib2247/barang.app/server.mjs:1
var http = require('http');
           ^

ReferenceError: require is not defined in ES module scope, you can use import instead
    at file:///home/klib2247/barang.app/server.mjs:1:12
    at ModuleJob.run (node:internal/modules/esm/module_job:195:25)
    at async ModuleLoader.import (node:internal/modules/esm/loader:337:24)
    at async importModuleDynamicallyWrapper (node:internal/vm/module:432:15)

Node.js v18.20.8
file:///home/klib2247/barang.app/server.mjs:1
var http = require('http');
           ^

ReferenceError: require is not defined in ES module scope, you can use import instead
    at file:///home/klib2247/barang.app/server.mjs:1:12
    at ModuleJob.run (node:internal/modules/esm/module_job:195:25)
    at async ModuleLoader.import (node:internal/modules/esm/loader:337:24)
    at async importModuleDynamicallyWrapper (node:internal/vm/module:432:15)

Node.js v18.20.8
file:///home/klib2247/barang.app/server.mjs:1
var http = require('http');
           ^

ReferenceError: require is not defined in ES module scope, you can use import instead
    at file:///home/klib2247/barang.app/server.mjs:1:12
    at ModuleJob.run (node:internal/modules/esm/module_job:195:25)
    at async ModuleLoader.import (node:internal/modules/esm/loader:337:24)
    at async importModuleDynamicallyWrapper (node:internal/vm/module:432:15)

Node.js v18.20.8
file:///home/klib2247/barang.app/server.mjs:1
var http = require('http');
           ^

ReferenceError: require is not defined in ES module scope, you can use import instead
    at file:///home/klib2247/barang.app/server.mjs:1:12
    at ModuleJob.run (node:internal/modules/esm/module_job:195:25)
    at async ModuleLoader.import (node:internal/modules/esm/loader:337:24)
    at async importModuleDynamicallyWrapper (node:internal/vm/module:432:15)

Node.js v18.20.8
file:///home/klib2247/barang.app/server.mjs:1
var http = require('http');
           ^

ReferenceError: require is not defined in ES module scope, you can use import instead
    at file:///home/klib2247/barang.app/server.mjs:1:12
    at ModuleJob.run (node:internal/modules/esm/module_job:195:25)
    at async ModuleLoader.import (node:internal/modules/esm/loader:337:24)
    at async importModuleDynamicallyWrapper (node:internal/vm/module:432:15)

Node.js v18.20.8
file:///home/klib2247/barang.app/server.mjs:1
var http = require('http');
           ^

ReferenceError: require is not defined in ES module scope, you can use import instead
    at file:///home/klib2247/barang.app/server.mjs:1:12
    at ModuleJob.run (node:internal/modules/esm/module_job:195:25)
    at async ModuleLoader.import (node:internal/modules/esm/loader:337:24)
    at async importModuleDynamicallyWrapper (node:internal/vm/module:432:15)

Node.js v18.20.8
file:///home/klib2247/barang.app/server.mjs:1
var http = require('http');
           ^

ReferenceError: require is not defined in ES module scope, you can use import instead
    at file:///home/klib2247/barang.app/server.mjs:1:12
    at ModuleJob.run (node:internal/modules/esm/module_job:195:25)
    at async ModuleLoader.import (node:internal/modules/esm/loader:337:24)
    at async importModuleDynamicallyWrapper (node:internal/vm/module:432:15)

Node.js v18.20.8
file:///home/klib2247/barang.app/server.mjs:1
var http = require('http');
           ^

ReferenceError: require is not defined in ES module scope, you can use import instead
    at file:///home/klib2247/barang.app/server.mjs:1:12
    at ModuleJob.run (node:internal/modules/esm/module_job:195:25)
    at async ModuleLoader.import (node:internal/modules/esm/loader:337:24)
    at async importModuleDynamicallyWrapper (node:internal/vm/module:432:15)

Node.js v18.20.8
file:///home/klib2247/barang.app/server.mjs:1
var http = require('http');
           ^

ReferenceError: require is not defined in ES module scope, you can use import instead
    at file:///home/klib2247/barang.app/server.mjs:1:12
    at ModuleJob.run (node:internal/modules/esm/module_job:195:25)
    at async ModuleLoader.import (node:internal/modules/esm/loader:337:24)
    at async importModuleDynamicallyWrapper (node:internal/vm/module:432:15)

Node.js v18.20.8
file:///home/klib2247/public_html/barang.app/server.mjs:1
var http = require('http');
           ^

ReferenceError: require is not defined in ES module scope, you can use import instead
    at file:///home/klib2247/public_html/barang.app/server.mjs:1:12
    at ModuleJob.run (node:internal/modules/esm/module_job:195:25)
    at async ModuleLoader.import (node:internal/modules/esm/loader:337:24)
    at async importModuleDynamicallyWrapper (node:internal/vm/module:432:15)

Node.js v18.20.8
node:internal/modules/cjs/loader:1143
  throw err;
  ^

Error: Cannot find module '../config/database'
Require stack:
- /home/klib2247/public_html/barang.app/models/barangModel.js
- /home/klib2247/public_html/barang.app/controllers/barangController.js
- /home/klib2247/public_html/barang.app/routes/barangRoutes.js
- /home/klib2247/public_html/barang.app/server.js
- /usr/local/lsws/fcgi-bin/lsnode.js
    at Module._resolveFilename (node:internal/modules/cjs/loader:1140:15)
    at Module._load (node:internal/modules/cjs/loader:981:27)
    at Module.require (node:internal/modules/cjs/loader:1231:19)
    at require (node:internal/modules/helpers:177:18)
    at Object.<anonymous> (/home/klib2247/public_html/barang.app/models/barangModel.js:1:12)
    at Module._compile (node:internal/modules/cjs/loader:1364:14)
    at Module._extensions..js (node:internal/modules/cjs/loader:1422:10)
    at Module.load (node:internal/modules/cjs/loader:1203:32)
    at Module._load (node:internal/modules/cjs/loader:1019:12)
    at Module.require (node:internal/modules/cjs/loader:1231:19) {
  code: 'MODULE_NOT_FOUND',
  requireStack: [
    '/home/klib2247/public_html/barang.app/models/barangModel.js',
    '/home/klib2247/public_html/barang.app/controllers/barangController.js',
    '/home/klib2247/public_html/barang.app/routes/barangRoutes.js',
    '/home/klib2247/public_html/barang.app/server.js',
    '/usr/local/lsws/fcgi-bin/lsnode.js'
  ]
}

Node.js v18.20.8
node:internal/modules/cjs/loader:1143
  throw err;
  ^

Error: Cannot find module '../config/database'
Require stack:
- /home/klib2247/public_html/barang.app/models/barangModel.js
- /home/klib2247/public_html/barang.app/controllers/barangController.js
- /home/klib2247/public_html/barang.app/routes/barangRoutes.js
- /home/klib2247/public_html/barang.app/server.js
- /usr/local/lsws/fcgi-bin/lsnode.js
    at Module._resolveFilename (node:internal/modules/cjs/loader:1140:15)
    at Module._load (node:internal/modules/cjs/loader:981:27)
    at Module.require (node:internal/modules/cjs/loader:1231:19)
    at require (node:internal/modules/helpers:177:18)
    at Object.<anonymous> (/home/klib2247/public_html/barang.app/models/barangModel.js:1:12)
    at Module._compile (node:internal/modules/cjs/loader:1364:14)
    at Module._extensions..js (node:internal/modules/cjs/loader:1422:10)
    at Module.load (node:internal/modules/cjs/loader:1203:32)
    at Module._load (node:internal/modules/cjs/loader:1019:12)
    at Module.require (node:internal/modules/cjs/loader:1231:19) {
  code: 'MODULE_NOT_FOUND',
  requireStack: [
    '/home/klib2247/public_html/barang.app/models/barangModel.js',
    '/home/klib2247/public_html/barang.app/controllers/barangController.js',
    '/home/klib2247/public_html/barang.app/routes/barangRoutes.js',
    '/home/klib2247/public_html/barang.app/server.js',
    '/usr/local/lsws/fcgi-bin/lsnode.js'
  ]
}

Node.js v18.20.8
node:internal/modules/cjs/loader:1143
  throw err;
  ^

Error: Cannot find module '../config/database'
Require stack:
- /home/klib2247/public_html/barang.app/models/barangModel.js
- /home/klib2247/public_html/barang.app/controllers/barangController.js
- /home/klib2247/public_html/barang.app/routes/barangRoutes.js
- /home/klib2247/public_html/barang.app/server.js
- /usr/local/lsws/fcgi-bin/lsnode.js
    at Module._resolveFilename (node:internal/modules/cjs/loader:1140:15)
    at Module._load (node:internal/modules/cjs/loader:981:27)
    at Module.require (node:internal/modules/cjs/loader:1231:19)
    at require (node:internal/modules/helpers:177:18)
    at Object.<anonymous> (/home/klib2247/public_html/barang.app/models/barangModel.js:1:12)
    at Module._compile (node:internal/modules/cjs/loader:1364:14)
    at Module._extensions..js (node:internal/modules/cjs/loader:1422:10)
    at Module.load (node:internal/modules/cjs/loader:1203:32)
    at Module._load (node:internal/modules/cjs/loader:1019:12)
    at Module.require (node:internal/modules/cjs/loader:1231:19) {
  code: 'MODULE_NOT_FOUND',
  requireStack: [
    '/home/klib2247/public_html/barang.app/models/barangModel.js',
    '/home/klib2247/public_html/barang.app/controllers/barangController.js',
    '/home/klib2247/public_html/barang.app/routes/barangRoutes.js',
    '/home/klib2247/public_html/barang.app/server.js',
    '/usr/local/lsws/fcgi-bin/lsnode.js'
  ]
}

Node.js v18.20.8
node:internal/modules/cjs/loader:1143
  throw err;
  ^

Error: Cannot find module '../config/database'
Require stack:
- /home/klib2247/public_html/barang.app/models/barangModel.js
- /home/klib2247/public_html/barang.app/controllers/barangController.js
- /home/klib2247/public_html/barang.app/routes/barangRoutes.js
- /home/klib2247/public_html/barang.app/server.js
- /usr/local/lsws/fcgi-bin/lsnode.js
    at Module._resolveFilename (node:internal/modules/cjs/loader:1140:15)
    at Module._load (node:internal/modules/cjs/loader:981:27)
    at Module.require (node:internal/modules/cjs/loader:1231:19)
    at require (node:internal/modules/helpers:177:18)
    at Object.<anonymous> (/home/klib2247/public_html/barang.app/models/barangModel.js:1:12)
    at Module._compile (node:internal/modules/cjs/loader:1364:14)
    at Module._extensions..js (node:internal/modules/cjs/loader:1422:10)
    at Module.load (node:internal/modules/cjs/loader:1203:32)
    at Module._load (node:internal/modules/cjs/loader:1019:12)
    at Module.require (node:internal/modules/cjs/loader:1231:19) {
  code: 'MODULE_NOT_FOUND',
  requireStack: [
    '/home/klib2247/public_html/barang.app/models/barangModel.js',
    '/home/klib2247/public_html/barang.app/controllers/barangController.js',
    '/home/klib2247/public_html/barang.app/routes/barangRoutes.js',
    '/home/klib2247/public_html/barang.app/server.js',
    '/usr/local/lsws/fcgi-bin/lsnode.js'
  ]
}

Node.js v18.20.8
node:internal/modules/cjs/loader:1143
  throw err;
  ^

Error: Cannot find module '../config/database'
Require stack:
- /home/klib2247/public_html/barang.app/models/barangModel.js
- /home/klib2247/public_html/barang.app/controllers/barangController.js
- /home/klib2247/public_html/barang.app/routes/barangRoutes.js
- /home/klib2247/public_html/barang.app/server.js
- /usr/local/lsws/fcgi-bin/lsnode.js
    at Module._resolveFilename (node:internal/modules/cjs/loader:1140:15)
    at Module._load (node:internal/modules/cjs/loader:981:27)
    at Module.require (node:internal/modules/cjs/loader:1231:19)
    at require (node:internal/modules/helpers:177:18)
    at Object.<anonymous> (/home/klib2247/public_html/barang.app/models/barangModel.js:1:12)
    at Module._compile (node:internal/modules/cjs/loader:1364:14)
    at Module._extensions..js (node:internal/modules/cjs/loader:1422:10)
    at Module.load (node:internal/modules/cjs/loader:1203:32)
    at Module._load (node:internal/modules/cjs/loader:1019:12)
    at Module.require (node:internal/modules/cjs/loader:1231:19) {
  code: 'MODULE_NOT_FOUND',
  requireStack: [
    '/home/klib2247/public_html/barang.app/models/barangModel.js',
    '/home/klib2247/public_html/barang.app/controllers/barangController.js',
    '/home/klib2247/public_html/barang.app/routes/barangRoutes.js',
    '/home/klib2247/public_html/barang.app/server.js',
    '/usr/local/lsws/fcgi-bin/lsnode.js'
  ]
}

Node.js v18.20.8
node:internal/modules/cjs/loader:1143
  throw err;
  ^

Error: Cannot find module '../config/database'
Require stack:
- /home/klib2247/public_html/barang.app/models/barangModel.js
- /home/klib2247/public_html/barang.app/controllers/barangController.js
- /home/klib2247/public_html/barang.app/routes/barangRoutes.js
- /home/klib2247/public_html/barang.app/server.js
- /usr/local/lsws/fcgi-bin/lsnode.js
    at Module._resolveFilename (node:internal/modules/cjs/loader:1140:15)
    at Module._load (node:internal/modules/cjs/loader:981:27)
    at Module.require (node:internal/modules/cjs/loader:1231:19)
    at require (node:internal/modules/helpers:177:18)
    at Object.<anonymous> (/home/klib2247/public_html/barang.app/models/barangModel.js:1:12)
    at Module._compile (node:internal/modules/cjs/loader:1364:14)
    at Module._extensions..js (node:internal/modules/cjs/loader:1422:10)
    at Module.load (node:internal/modules/cjs/loader:1203:32)
    at Module._load (node:internal/modules/cjs/loader:1019:12)
    at Module.require (node:internal/modules/cjs/loader:1231:19) {
  code: 'MODULE_NOT_FOUND',
  requireStack: [
    '/home/klib2247/public_html/barang.app/models/barangModel.js',
    '/home/klib2247/public_html/barang.app/controllers/barangController.js',
    '/home/klib2247/public_html/barang.app/routes/barangRoutes.js',
    '/home/klib2247/public_html/barang.app/server.js',
    '/usr/local/lsws/fcgi-bin/lsnode.js'
  ]
}

Node.js v18.20.8
node:internal/modules/cjs/loader:1143
  throw err;
  ^

Error: Cannot find module '../config/database'
Require stack:
- /home/klib2247/public_html/barang.app/models/barangModel.js
- /home/klib2247/public_html/barang.app/controllers/barangController.js
- /home/klib2247/public_html/barang.app/routes/barangRoutes.js
- /home/klib2247/public_html/barang.app/server.js
- /usr/local/lsws/fcgi-bin/lsnode.js
    at Module._resolveFilename (node:internal/modules/cjs/loader:1140:15)
    at Module._load (node:internal/modules/cjs/loader:981:27)
    at Module.require (node:internal/modules/cjs/loader:1231:19)
    at require (node:internal/modules/helpers:177:18)
    at Object.<anonymous> (/home/klib2247/public_html/barang.app/models/barangModel.js:1:12)
    at Module._compile (node:internal/modules/cjs/loader:1364:14)
    at Module._extensions..js (node:internal/modules/cjs/loader:1422:10)
    at Module.load (node:internal/modules/cjs/loader:1203:32)
    at Module._load (node:internal/modules/cjs/loader:1019:12)
    at Module.require (node:internal/modules/cjs/loader:1231:19) {
  code: 'MODULE_NOT_FOUND',
  requireStack: [
    '/home/klib2247/public_html/barang.app/models/barangModel.js',
    '/home/klib2247/public_html/barang.app/controllers/barangController.js',
    '/home/klib2247/public_html/barang.app/routes/barangRoutes.js',
    '/home/klib2247/public_html/barang.app/server.js',
    '/usr/local/lsws/fcgi-bin/lsnode.js'
  ]
}

Node.js v18.20.8
node:internal/modules/cjs/loader:1143
  throw err;
  ^

Error: Cannot find module '../config/database'
Require stack:
- /home/klib2247/public_html/barang.app/models/barangModel.js
- /home/klib2247/public_html/barang.app/controllers/barangController.js
- /home/klib2247/public_html/barang.app/routes/barangRoutes.js
- /home/klib2247/public_html/barang.app/server.js
- /usr/local/lsws/fcgi-bin/lsnode.js
    at Module._resolveFilename (node:internal/modules/cjs/loader:1140:15)
    at Module._load (node:internal/modules/cjs/loader:981:27)
    at Module.require (node:internal/modules/cjs/loader:1231:19)
    at require (node:internal/modules/helpers:177:18)
    at Object.<anonymous> (/home/klib2247/public_html/barang.app/models/barangModel.js:1:12)
    at Module._compile (node:internal/modules/cjs/loader:1364:14)
    at Module._extensions..js (node:internal/modules/cjs/loader:1422:10)
    at Module.load (node:internal/modules/cjs/loader:1203:32)
    at Module._load (node:internal/modules/cjs/loader:1019:12)
    at Module.require (node:internal/modules/cjs/loader:1231:19) {
  code: 'MODULE_NOT_FOUND',
  requireStack: [
    '/home/klib2247/public_html/barang.app/models/barangModel.js',
    '/home/klib2247/public_html/barang.app/controllers/barangController.js',
    '/home/klib2247/public_html/barang.app/routes/barangRoutes.js',
    '/home/klib2247/public_html/barang.app/server.js',
    '/usr/local/lsws/fcgi-bin/lsnode.js'
  ]
}

Node.js v18.20.8
node:internal/modules/cjs/loader:1143
  throw err;
  ^

Error: Cannot find module '../config/database'
Require stack:
- /home/klib2247/public_html/barang.app/models/barangModel.js
- /home/klib2247/public_html/barang.app/controllers/barangController.js
- /home/klib2247/public_html/barang.app/routes/barangRoutes.js
- /home/klib2247/public_html/barang.app/server.js
- /usr/local/lsws/fcgi-bin/lsnode.js
    at Module._resolveFilename (node:internal/modules/cjs/loader:1140:15)
    at Module._load (node:internal/modules/cjs/loader:981:27)
    at Module.require (node:internal/modules/cjs/loader:1231:19)
    at require (node:internal/modules/helpers:177:18)
    at Object.<anonymous> (/home/klib2247/public_html/barang.app/models/barangModel.js:1:12)
    at Module._compile (node:internal/modules/cjs/loader:1364:14)
    at Module._extensions..js (node:internal/modules/cjs/loader:1422:10)
    at Module.load (node:internal/modules/cjs/loader:1203:32)
    at Module._load (node:internal/modules/cjs/loader:1019:12)
    at Module.require (node:internal/modules/cjs/loader:1231:19) {
  code: 'MODULE_NOT_FOUND',
  requireStack: [
    '/home/klib2247/public_html/barang.app/models/barangModel.js',
    '/home/klib2247/public_html/barang.app/controllers/barangController.js',
    '/home/klib2247/public_html/barang.app/routes/barangRoutes.js',
    '/home/klib2247/public_html/barang.app/server.js',
    '/usr/local/lsws/fcgi-bin/lsnode.js'
  ]
}

Node.js v18.20.8
node:internal/modules/cjs/loader:1143
  throw err;
  ^

Error: Cannot find module '../config/database'
Require stack:
- /home/klib2247/public_html/barang.app/models/barangModel.js
- /home/klib2247/public_html/barang.app/controllers/barangController.js
- /home/klib2247/public_html/barang.app/routes/barangRoutes.js
- /home/klib2247/public_html/barang.app/server.js
- /usr/local/lsws/fcgi-bin/lsnode.js
    at Module._resolveFilename (node:internal/modules/cjs/loader:1140:15)
    at Module._load (node:internal/modules/cjs/loader:981:27)
    at Module.require (node:internal/modules/cjs/loader:1231:19)
    at require (node:internal/modules/helpers:177:18)
    at Object.<anonymous> (/home/klib2247/public_html/barang.app/models/barangModel.js:1:12)
    at Module._compile (node:internal/modules/cjs/loader:1364:14)
    at Module._extensions..js (node:internal/modules/cjs/loader:1422:10)
    at Module.load (node:internal/modules/cjs/loader:1203:32)
    at Module._load (node:internal/modules/cjs/loader:1019:12)
    at Module.require (node:internal/modules/cjs/loader:1231:19) {
  code: 'MODULE_NOT_FOUND',
  requireStack: [
    '/home/klib2247/public_html/barang.app/models/barangModel.js',
    '/home/klib2247/public_html/barang.app/controllers/barangController.js',
    '/home/klib2247/public_html/barang.app/routes/barangRoutes.js',
    '/home/klib2247/public_html/barang.app/server.js',
    '/usr/local/lsws/fcgi-bin/lsnode.js'
  ]
}

Node.js v18.20.8
node:internal/modules/cjs/loader:1143
  throw err;
  ^

Error: Cannot find module '../config/database'
Require stack:
- /home/klib2247/public_html/barang.app/models/barangModel.js
- /home/klib2247/public_html/barang.app/controllers/barangController.js
- /home/klib2247/public_html/barang.app/routes/barangRoutes.js
- /home/klib2247/public_html/barang.app/server.js
- /usr/local/lsws/fcgi-bin/lsnode.js
    at Module._resolveFilename (node:internal/modules/cjs/loader:1140:15)
    at Module._load (node:internal/modules/cjs/loader:981:27)
    at Module.require (node:internal/modules/cjs/loader:1231:19)
    at require (node:internal/modules/helpers:177:18)
    at Object.<anonymous> (/home/klib2247/public_html/barang.app/models/barangModel.js:1:12)
    at Module._compile (node:internal/modules/cjs/loader:1364:14)
    at Module._extensions..js (node:internal/modules/cjs/loader:1422:10)
    at Module.load (node:internal/modules/cjs/loader:1203:32)
    at Module._load (node:internal/modules/cjs/loader:1019:12)
    at Module.require (node:internal/modules/cjs/loader:1231:19) {
  code: 'MODULE_NOT_FOUND',
  requireStack: [
    '/home/klib2247/public_html/barang.app/models/barangModel.js',
    '/home/klib2247/public_html/barang.app/controllers/barangController.js',
    '/home/klib2247/public_html/barang.app/routes/barangRoutes.js',
    '/home/klib2247/public_html/barang.app/server.js',
    '/usr/local/lsws/fcgi-bin/lsnode.js'
  ]
}

Node.js v18.20.8
node:internal/modules/cjs/loader:1143
  throw err;
  ^

Error: Cannot find module '../config/database'
Require stack:
- /home/klib2247/public_html/barang.app/models/barangModel.js
- /home/klib2247/public_html/barang.app/controllers/barangController.js
- /home/klib2247/public_html/barang.app/routes/barangRoutes.js
- /home/klib2247/public_html/barang.app/server.js
- /usr/local/lsws/fcgi-bin/lsnode.js
    at Module._resolveFilename (node:internal/modules/cjs/loader:1140:15)
    at Module._load (node:internal/modules/cjs/loader:981:27)
    at Module.require (node:internal/modules/cjs/loader:1231:19)
    at require (node:internal/modules/helpers:177:18)
    at Object.<anonymous> (/home/klib2247/public_html/barang.app/models/barangModel.js:1:12)
    at Module._compile (node:internal/modules/cjs/loader:1364:14)
    at Module._extensions..js (node:internal/modules/cjs/loader:1422:10)
    at Module.load (node:internal/modules/cjs/loader:1203:32)
    at Module._load (node:internal/modules/cjs/loader:1019:12)
    at Module.require (node:internal/modules/cjs/loader:1231:19) {
  code: 'MODULE_NOT_FOUND',
  requireStack: [
    '/home/klib2247/public_html/barang.app/models/barangModel.js',
    '/home/klib2247/public_html/barang.app/controllers/barangController.js',
    '/home/klib2247/public_html/barang.app/routes/barangRoutes.js',
    '/home/klib2247/public_html/barang.app/server.js',
    '/usr/local/lsws/fcgi-bin/lsnode.js'
  ]
}

Node.js v18.20.8
node:internal/modules/cjs/loader:1143
  throw err;
  ^

Error: Cannot find module '../config/database'
Require stack:
- /home/klib2247/public_html/barang.app/models/barangModel.js
- /home/klib2247/public_html/barang.app/server..js
- /usr/local/lsws/fcgi-bin/lsnode.js
    at Module._resolveFilename (node:internal/modules/cjs/loader:1140:15)
    at Module._load (node:internal/modules/cjs/loader:981:27)
    at Module.require (node:internal/modules/cjs/loader:1231:19)
    at require (node:internal/modules/helpers:177:18)
    at Object.<anonymous> (/home/klib2247/public_html/barang.app/models/barangModel.js:1:12)
    at Module._compile (node:internal/modules/cjs/loader:1364:14)
    at Module._extensions..js (node:internal/modules/cjs/loader:1422:10)
    at Module.load (node:internal/modules/cjs/loader:1203:32)
    at Module._load (node:internal/modules/cjs/loader:1019:12)
    at Module.require (node:internal/modules/cjs/loader:1231:19) {
  code: 'MODULE_NOT_FOUND',
  requireStack: [
    '/home/klib2247/public_html/barang.app/models/barangModel.js',
    '/home/klib2247/public_html/barang.app/server..js',
    '/usr/local/lsws/fcgi-bin/lsnode.js'
  ]
}

Node.js v18.20.8
node:internal/modules/cjs/loader:1143
  throw err;
  ^

Error: Cannot find module '../config/database'
Require stack:
- /home/klib2247/public_html/barang.app/models/barangModel.js
- /home/klib2247/public_html/barang.app/server..js
- /usr/local/lsws/fcgi-bin/lsnode.js
    at Module._resolveFilename (node:internal/modules/cjs/loader:1140:15)
    at Module._load (node:internal/modules/cjs/loader:981:27)
    at Module.require (node:internal/modules/cjs/loader:1231:19)
    at require (node:internal/modules/helpers:177:18)
    at Object.<anonymous> (/home/klib2247/public_html/barang.app/models/barangModel.js:1:12)
    at Module._compile (node:internal/modules/cjs/loader:1364:14)
    at Module._extensions..js (node:internal/modules/cjs/loader:1422:10)
    at Module.load (node:internal/modules/cjs/loader:1203:32)
    at Module._load (node:internal/modules/cjs/loader:1019:12)
    at Module.require (node:internal/modules/cjs/loader:1231:19) {
  code: 'MODULE_NOT_FOUND',
  requireStack: [
    '/home/klib2247/public_html/barang.app/models/barangModel.js',
    '/home/klib2247/public_html/barang.app/server..js',
    '/usr/local/lsws/fcgi-bin/lsnode.js'
  ]
}

Node.js v18.20.8
